[debug] [2022-03-22T08:12:51.216Z] ----------------------------------------------------------------------
[debug] [2022-03-22T08:12:51.219Z] Command:       C:\Program Files\nodejs\node.exe C:\Users\thq41\AppData\Roaming\npm\node_modules\firebase-tools\lib\bin\firebase.js init
[debug] [2022-03-22T08:12:51.220Z] CLI Version:   10.4.1
[debug] [2022-03-22T08:12:51.220Z] Platform:      win32
[debug] [2022-03-22T08:12:51.220Z] Node Version:  v16.13.0
[debug] [2022-03-22T08:12:51.222Z] Time:          Tue Mar 22 2022 15:12:51 GMT+0700 (Indochina Time)
[debug] [2022-03-22T08:12:51.222Z] ----------------------------------------------------------------------
[debug] 
[debug] [2022-03-22T08:12:51.334Z] > command requires scopes: ["email","openid","https://www.googleapis.com/auth/cloudplatformprojects.readonly","https://www.googleapis.com/auth/firebase","https://www.googleapis.com/auth/cloud-platform"]
[debug] [2022-03-22T08:12:51.335Z] > authorizing via signed-in user (tranthehieu12@gmail.com)
[info] 
     ######## #### ########  ######## ########     ###     ######  ########
     ##        ##  ##     ## ##       ##     ##  ##   ##  ##       ##
     ######    ##  ########  ######   ########  #########  ######  ######
     ##        ##  ##    ##  ##       ##     ## ##     ##       ## ##
     ##       #### ##     ## ######## ########  ##     ##  ######  ########

You're about to initialize a Firebase project in this directory:

  E:\source-nft-cryptor.git

Before we get started, keep in mind:

  * You are initializing within an existing Firebase project directory

[info] 
=== Project Setup
[info] 
[info] First, let's associate this project directory with a Firebase project.
[info] You can create multiple project aliases by running firebase use --add, 
[info] but for now we'll just set up a default project.
[info] 
[debug] [2022-03-22T08:13:11.903Z] Using project from CLI flag: womentech-nft
[debug] [2022-03-22T08:13:11.910Z] >>> [apiv2][query] GET https://firebase.googleapis.com/v1beta1/projects/womentech-nft [none]
[debug] [2022-03-22T08:13:12.322Z] <<< [apiv2][status] GET https://firebase.googleapis.com/v1beta1/projects/womentech-nft 403
[debug] [2022-03-22T08:13:12.322Z] <<< [apiv2][body] GET https://firebase.googleapis.com/v1beta1/projects/womentech-nft {"error":{"code":403,"message":"The caller does not have permission","status":"PERMISSION_DENIED"}}
[debug] [2022-03-22T08:13:12.323Z] HTTP Error: 403, The caller does not have permission
[debug] [2022-03-22T08:13:12.478Z] FirebaseError: HTTP Error: 403, The caller does not have permission
    at module.exports (C:\Users\thq41\AppData\Roaming\npm\node_modules\firebase-tools\lib\responseToError.js:47:12)
    at RetryOperation._fn (C:\Users\thq41\AppData\Roaming\npm\node_modules\firebase-tools\lib\apiv2.js:286:39)
    at processTicksAndRejections (node:internal/process/task_queues:96:5)
[error] 
[error] Error: Failed to get Firebase project womentech-nft. Please make sure the project exists and your account has permission to access it.
[debug] [2022-03-22T08:13:25.237Z] ----------------------------------------------------------------------
[debug] [2022-03-22T08:13:25.240Z] Command:       C:\Program Files\nodejs\node.exe C:\Users\thq41\AppData\Roaming\npm\node_modules\firebase-tools\lib\bin\firebase.js use --add
[debug] [2022-03-22T08:13:25.241Z] CLI Version:   10.4.1
[debug] [2022-03-22T08:13:25.242Z] Platform:      win32
[debug] [2022-03-22T08:13:25.242Z] Node Version:  v16.13.0
[debug] [2022-03-22T08:13:25.243Z] Time:          Tue Mar 22 2022 15:13:25 GMT+0700 (Indochina Time)
[debug] [2022-03-22T08:13:25.244Z] ----------------------------------------------------------------------
[debug] 
[debug] [2022-03-22T08:13:25.359Z] > command requires scopes: ["email","openid","https://www.googleapis.com/auth/cloudplatformprojects.readonly","https://www.googleapis.com/auth/firebase","https://www.googleapis.com/auth/cloud-platform"]
[debug] [2022-03-22T08:13:25.360Z] > authorizing via signed-in user (tranthehieu12@gmail.com)
[debug] [2022-03-22T08:13:25.365Z] >>> [apiv2][query] GET https://firebase.googleapis.com/v1beta1/projects pageSize=1000
[debug] [2022-03-22T08:13:25.976Z] <<< [apiv2][status] GET https://firebase.googleapis.com/v1beta1/projects 200
[debug] [2022-03-22T08:13:25.976Z] <<< [apiv2][body] GET https://firebase.googleapis.com/v1beta1/projects [omitted]
[debug] [2022-03-22T08:14:10.825Z] TypeError: Cannot read properties of undefined (reading 'value')
    at ListPrompt.getCurrentValue (C:\Users\thq41\AppData\Roaming\npm\node_modules\firebase-tools\node_modules\inquirer\lib\prompts\list.js:153:53)
    at C:\Users\thq41\AppData\Roaming\npm\node_modules\firebase-tools\node_modules\rxjs\dist\cjs\internal\operators\map.js:10:37
    at OperatorSubscriber._this._next (C:\Users\thq41\AppData\Roaming\npm\node_modules\firebase-tools\node_modules\rxjs\dist\cjs\internal\operators\OperatorSubscriber.js:28:21)
    at OperatorSubscriber.Subscriber.next (C:\Users\thq41\AppData\Roaming\npm\node_modules\firebase-tools\node_modules\rxjs\dist\cjs\internal\Subscriber.js:72:18)
    at C:\Users\thq41\AppData\Roaming\npm\node_modules\firebase-tools\node_modules\rxjs\dist\cjs\internal\operators\take.js:15:32
    at OperatorSubscriber._this._next (C:\Users\thq41\AppData\Roaming\npm\node_modules\firebase-tools\node_modules\rxjs\dist\cjs\internal\operators\OperatorSubscriber.js:28:21)
    at OperatorSubscriber.Subscriber.next (C:\Users\thq41\AppData\Roaming\npm\node_modules\firebase-tools\node_modules\rxjs\dist\cjs\internal\Subscriber.js:72:18)
    at Interface.handler (C:\Users\thq41\AppData\Roaming\npm\node_modules\firebase-tools\node_modules\rxjs\dist\cjs\internal\observable\fromEvent.js:59:31)
    at Interface.emit (node:events:402:35)
    at Interface.emit (node:domain:475:12)
    at Interface._onLine (node:readline:487:10)
    at Interface._line (node:readline:864:8)
    at Interface._ttyWrite (node:readline:1216:14)
    at ReadStream.onkeypress (node:readline:288:10)
    at ReadStream.emit (node:events:402:35)
    at ReadStream.emit (node:domain:475:12)
[error] 
[error] Error: An unexpected error has occurred.
[debug] [2022-03-22T08:16:08.766Z] ----------------------------------------------------------------------
[debug] [2022-03-22T08:16:08.769Z] Command:       C:\Program Files\nodejs\node.exe C:\Users\thq41\AppData\Roaming\npm\node_modules\firebase-tools\lib\bin\firebase.js deploy
[debug] [2022-03-22T08:16:08.770Z] CLI Version:   10.4.1
[debug] [2022-03-22T08:16:08.770Z] Platform:      win32
[debug] [2022-03-22T08:16:08.770Z] Node Version:  v16.13.0
[debug] [2022-03-22T08:16:08.772Z] Time:          Tue Mar 22 2022 15:16:08 GMT+0700 (Indochina Time)
[debug] [2022-03-22T08:16:08.772Z] ----------------------------------------------------------------------
[debug] 
[debug] [2022-03-22T08:16:08.887Z] > command requires scopes: ["email","openid","https://www.googleapis.com/auth/cloudplatformprojects.readonly","https://www.googleapis.com/auth/firebase","https://www.googleapis.com/auth/cloud-platform"]
[debug] [2022-03-22T08:16:08.887Z] > authorizing via signed-in user (tranthehieu12@gmail.com)
[debug] [2022-03-22T08:16:08.887Z] [iam] checking project womentech-nft for permissions ["firebase.projects.get","firebasehosting.sites.update"]
[debug] [2022-03-22T08:16:08.891Z] >>> [apiv2][query] POST https://cloudresourcemanager.googleapis.com/v1/projects/womentech-nft:testIamPermissions [none]
[debug] [2022-03-22T08:16:08.892Z] >>> [apiv2][body] POST https://cloudresourcemanager.googleapis.com/v1/projects/womentech-nft:testIamPermissions {"permissions":["firebase.projects.get","firebasehosting.sites.update"]}
[debug] [2022-03-22T08:16:10.057Z] <<< [apiv2][status] POST https://cloudresourcemanager.googleapis.com/v1/projects/womentech-nft:testIamPermissions 200
[debug] [2022-03-22T08:16:10.057Z] <<< [apiv2][body] POST https://cloudresourcemanager.googleapis.com/v1/projects/womentech-nft:testIamPermissions {}
[debug] [2022-03-22T08:16:10.058Z] [iam] error while checking permissions, command may fail: FirebaseError: Authorization failed. This account is missing the following required permissions on project womentech-nft:

  firebase.projects.get
  firebasehosting.sites.update
[debug] [2022-03-22T08:16:10.060Z] >>> [apiv2][query] GET https://firebase.googleapis.com/v1beta1/projects/womentech-nft [none]
[debug] [2022-03-22T08:16:10.403Z] <<< [apiv2][status] GET https://firebase.googleapis.com/v1beta1/projects/womentech-nft 403
[debug] [2022-03-22T08:16:10.403Z] <<< [apiv2][body] GET https://firebase.googleapis.com/v1beta1/projects/womentech-nft {"error":{"code":403,"message":"The caller does not have permission","status":"PERMISSION_DENIED"}}
[debug] [2022-03-22T08:16:10.405Z] HTTP Error: 403, The caller does not have permission
[debug] [2022-03-22T08:16:10.557Z] FirebaseError: HTTP Error: 403, The caller does not have permission
    at module.exports (C:\Users\thq41\AppData\Roaming\npm\node_modules\firebase-tools\lib\responseToError.js:47:12)
    at RetryOperation._fn (C:\Users\thq41\AppData\Roaming\npm\node_modules\firebase-tools\lib\apiv2.js:286:39)
    at processTicksAndRejections (node:internal/process/task_queues:96:5)
[error] 
[error] Error: Failed to get Firebase project womentech-nft. Please make sure the project exists and your account has permission to access it.
